Arguments: 
  /usr/bin/node /usr/local/bin/yarn

PATH: 
  /opt/ros/kinetic/bin:/home/tpemist/bin:/home/tpemist/.local/bin:/usr/local/sbin:/usr/local/bin:/usr/sbin:/usr/bin:/sbin:/bin:/usr/games:/usr/local/games:/snap/bin:/usr/lib/jvm/java-8-oracle/bin:/usr/lib/jvm/java-8-oracle/db/bin:/usr/lib/jvm/java-8-oracle/jre/bin

Yarn version: 
  1.12.3

Node version: 
  9.11.2

Platform: 
  linux x64

Trace: 
  Error: https://registry.yarnpkg.com/superagen: Not found
      at Request.params.callback [as _callback] (/usr/local/lib/node_modules/yarn/lib/cli.js:65894:18)
      at Request.self.callback (/usr/local/lib/node_modules/yarn/lib/cli.js:129018:22)
      at Request.emit (events.js:180:13)
      at Request.<anonymous> (/usr/local/lib/node_modules/yarn/lib/cli.js:129990:10)
      at Request.emit (events.js:180:13)
      at IncomingMessage.<anonymous> (/usr/local/lib/node_modules/yarn/lib/cli.js:129912:12)
      at Object.onceWrapper (events.js:272:13)
      at IncomingMessage.emit (events.js:185:15)
      at endReadableNT (_stream_readable.js:1106:12)
      at process._tickCallback (internal/process/next_tick.js:178:19)

npm manifest: 
  {
    "name": "rx-ui",
    "version": "0.1.0",
    "private": true,
    "dependencies": {
      "axios": "^0.18.0",
      "bootstrap": "^4.1.3",
      "web3": "^1.0.0-beta.33",
      "cors": "^2.8.4",
      "express": "^4.16.3",
      "jquery": "^3.3.1",
      "mongoose": "^5.1.4",
      "react": "^16.3.2",
      "react-dom": "^16.3.2",
      "react-image-resizer": "^1.3.0",
      "react-dropzone":"^3.1.2",
      "react-router-dom": "^4.2.2",
      "react-scripts": "^1.1.4",
      "socket.io": "^2.1.0",
      "socket.io-client": "^2.1.1",
      "superagen":"^4.0.0"
    },
    "scripts": {
      "start": "react-scripts start",
      "build": "react-scripts build",
      "test": "react-scripts test",
      "eject": "react-scripts eject"
    },
    "devDependencies": {},
    "eslintConfig": {
      "extends": "react-app"
    },
    "browserslist": [
      ">0.2%",
      "not dead",
      "not ie <= 11",
      "not op_mini all"
    ]
  }

yarn manifest: 
  No manifest

Lockfile: 
  No lockfile
